<?xml version="1.0" encoding="UTF-8"?>
<!-- Generated by org.testng.reporters.JUnitReportReporter -->
<testsuite hostname="IN-PG0352C7" failures="0" tests="1" name="DemoJenkins.selenium.App" time="8.063" errors="0" timestamp="2024-04-10T15:29:26 IST" skipped="0">
  <testcase classname="DemoJenkins.selenium.App" name="searchOnGoogle" time="8.063"/>
  <system-out/>
</testsuite> <!-- DemoJenkins.selenium.App -->
