<?xml version="1.0" encoding="UTF-8"?>
<!-- Generated by org.testng.reporters.JUnitReportReporter -->
<testsuite hostname="IN-PG0352C7" failures="0" tests="1" name="DemoJenkins.selenium.App" time="9.368" errors="0" timestamp="2024-04-10T17:22:10 IST" skipped="0">
  <testcase classname="DemoJenkins.selenium.App" name="searchOnGoogle" time="9.368"/>
  <system-out/>
</testsuite> <!-- DemoJenkins.selenium.App -->
